<?xml version="1.0" encoding="UTF-8"?>
<con:soapui-project name="Dowellmarket-webservices-test" resourceRoot="" soapui-version="4.0.1.1" abortOnError="false" runType="SEQUENTIAL" xmlns:con="http://eviware.com/soapui/config"><con:settings/><con:interface xsi:type="con:RestService" wadlVersion="http://wadl.dev.java.net/2009/02" name="Service XML" type="rest" basePath="/elgg/services/api/rest/xml" xmlns:xsi="http://www.w3.org/2001/XMLSchema-instance"><con:settings/><con:definitionCache type="TEXT" rootPart=""/><con:endpoints><con:endpoint>http://10.89.4.155</con:endpoint><con:endpoint>http://192.168.0.12</con:endpoint></con:endpoints><con:resource name="Ressource Xml" path="/"><con:settings/><con:parameters><con:parameter><con:name>method</con:name><con:value>system.api.list</con:value><con:style>QUERY</con:style><con:default>system.api.list</con:default></con:parameter></con:parameters><con:method name="Get System List" method="GET"><con:settings/><con:parameters/><con:representation type="RESPONSE"><con:mediaType>text/xml</con:mediaType><con:status>200</con:status><con:params/><con:element>elgg</con:element></con:representation><con:representation type="RESPONSE"><con:mediaType xsi:nil="true"/><con:status>0</con:status><con:params/><con:element>data</con:element></con:representation><con:request name="Request System List xml" mediaType="application/xml"><con:settings><con:setting id="com.eviware.soapui.impl.wsdl.WsdlRequest@request-headers">&lt;xml-fragment/></con:setting></con:settings><con:endpoint>http://192.168.0.12</con:endpoint><con:request/><con:jmsConfig JMSDeliveryMode="PERSISTENT"/><con:jmsPropertyConfig/><con:parameters/></con:request></con:method></con:resource></con:interface><con:interface xsi:type="con:RestService" wadlVersion="http://wadl.dev.java.net/2009/02" name="Service JSON" type="rest" basePath="/elgg/services/api/rest/json" xmlns:xsi="http://www.w3.org/2001/XMLSchema-instance"><con:settings/><con:definitionCache type="TEXT" rootPart=""/><con:endpoints><con:endpoint>http://10.89.4.155</con:endpoint><con:endpoint>http://192.168.0.12</con:endpoint></con:endpoints><con:resource name="Ressource Json" path="/"><con:settings/><con:parameters/><con:method name="Webservice system list" method="GET"><con:settings/><con:parameters><con:parameter><con:name>method</con:name><con:value>system.api.list</con:value><con:style>QUERY</con:style><con:default>system.api.list</con:default></con:parameter></con:parameters><con:representation type="RESPONSE"><con:mediaType>application/json</con:mediaType><con:status>200</con:status><con:params/><con:element xmlns:json="http://10.89.4.155/elgg/services/api/rest/json/">json:Response</con:element></con:representation><con:representation type="RESPONSE"><con:mediaType xsi:nil="true"/><con:status>0</con:status><con:params/><con:element>data</con:element></con:representation><con:representation type="FAULT"><con:mediaType>text/html</con:mediaType><con:status>407</con:status><con:params/><con:element>html</con:element></con:representation><con:request name="Request system list" mediaType="application/xml"><con:settings><con:setting id="com.eviware.soapui.impl.wsdl.WsdlRequest@request-headers">&lt;xml-fragment/></con:setting></con:settings><con:endpoint>http://192.168.0.12</con:endpoint><con:request/><con:credentials><con:username>cirenege</con:username><con:password>N@ely1201</con:password></con:credentials><con:jmsConfig JMSDeliveryMode="PERSISTENT"/><con:jmsPropertyConfig/><con:parameters/></con:request></con:method><con:method name="Athenticate" method="POST"><con:settings/><con:parameters><con:parameter><con:name>method</con:name><con:value>auth.gettoken</con:value><con:style>QUERY</con:style><con:default>auth.gettoken</con:default></con:parameter><con:parameter><con:name>username</con:name><con:value/><con:style>QUERY</con:style><con:default/></con:parameter><con:parameter><con:name>password</con:name><con:style>QUERY</con:style></con:parameter></con:parameters><con:representation type="RESPONSE"><con:mediaType>application/json</con:mediaType><con:status>200</con:status><con:params/><con:element xmlns:json="http://10.89.4.155/elgg/services/api/rest/json/">json:Response</con:element></con:representation><con:representation type="RESPONSE"><con:mediaType xsi:nil="true"/><con:status>0</con:status><con:params/><con:element>data</con:element></con:representation><con:representation type="FAULT"><con:mediaType>text/html</con:mediaType><con:status>407</con:status><con:params/><con:element>html</con:element></con:representation><con:representation type="REQUEST"><con:mediaType>application/xml</con:mediaType><con:params/></con:representation><con:representation type="REQUEST"><con:mediaType>multipart/form-data</con:mediaType><con:params/></con:representation><con:request name="Request authenticate" mediaType="application/xml" accept="application/json" postQueryString="false"><con:settings><con:setting id="com.eviware.soapui.impl.wsdl.WsdlRequest@request-headers">&lt;xml-fragment/></con:setting></con:settings><con:endpoint>http://192.168.0.12</con:endpoint><con:request/><con:credentials><con:username>cirenege</con:username><con:password>N@ely1201</con:password></con:credentials><con:jmsConfig JMSDeliveryMode="PERSISTENT"/><con:jmsPropertyConfig/><con:parameters>
  <con:entry key="username" value="admin"/>
  <con:entry key="password" value="adminadmin"/>
</con:parameters></con:request></con:method></con:resource></con:interface><con:properties/><con:wssContainer/><con:sensitiveInformation/></con:soapui-project>